# JRE version: Java(TM) SE Runtime Environment (15.0.2+7) (build 15.0.2+7-27)
# Java VM: Java HotSpot(TM) 64-Bit Server VM (15.0.2+7-27, mixed mode, sharing, tiered, compressed oops, g1 gc, windows-amd64)
GC Precious Log:
 CPUs: 12 total, 12 available
 Memory: 49099M
 Large Page Support: Disabled
 NUMA Support: Disabled
 Compressed Oops: Enabled (Zero based)
 Heap Region Size: 8M
 Heap Min Capacity: 8M
 Heap Initial Capacity: 768M
 Heap Max Capacity: 12280M
 Pre-touch: Disabled
 Parallel Workers: 10
 Concurrent Workers: 3
 Concurrent Refinement Workers: 10
 Periodic GC: Disabled
Heap:
 garbage-first heap   total 786432K, used 67514K [0x0000000500800000, 0x0000000800000000)
  region size 8192K, 10 young (81920K), 1 survivors (8192K)
 Metaspace       used 12826K, capacity 13010K, committed 13056K, reserved 1060864K
  class space    used 1469K, capacity 1528K, committed 1536K, reserved 1048576K
GC Heap History (6 events):
Event: 7.589 GC heap before
{Heap before GC invocations=0 (full 0):
 garbage-first heap   total 786432K, used 32768K [0x0000000500800000, 0x0000000800000000)
  region size 8192K, 4 young (32768K), 0 survivors (0K)
 Metaspace       used 8905K, capacity 9048K, committed 9344K, reserved 1056768K
  class space    used 1038K, capacity 1085K, committed 1152K, reserved 1048576K
}
Event: 7.592 GC heap after
{Heap after GC invocations=1 (full 0):
 garbage-first heap   total 786432K, used 1934K [0x0000000500800000, 0x0000000800000000)
  region size 8192K, 1 young (8192K), 1 survivors (8192K)
 Metaspace       used 8905K, capacity 9048K, committed 9344K, reserved 1056768K
  class space    used 1038K, capacity 1085K, committed 1152K, reserved 1048576K
}
Event: 14.402 GC heap before
{Heap before GC invocations=1 (full 0):
 garbage-first heap   total 786432K, used 34702K [0x0000000500800000, 0x0000000800000000)
  region size 8192K, 5 young (40960K), 1 survivors (8192K)
 Metaspace       used 8908K, capacity 9048K, committed 9344K, reserved 1056768K
  class space    used 1038K, capacity 1085K, committed 1152K, reserved 1048576K
}
Event: 14.404 GC heap after
{Heap after GC invocations=2 (full 0):
 garbage-first heap   total 786432K, used 2061K [0x0000000500800000, 0x0000000800000000)
  region size 8192K, 1 young (8192K), 1 survivors (8192K)
 Metaspace       used 8908K, capacity 9048K, committed 9344K, reserved 1056768K
  class space    used 1038K, capacity 1085K, committed 1152K, reserved 1048576K
}
Event: 36.260 GC heap before
{Heap before GC invocations=2 (full 0):
 garbage-first heap   total 786432K, used 100365K [0x0000000500800000, 0x0000000800000000)
  region size 8192K, 13 young (106496K), 1 survivors (8192K)
 Metaspace       used 8908K, capacity 9048K, committed 9344K, reserved 1056768K
  class space    used 1038K, capacity 1085K, committed 1152K, reserved 1048576K
}
Event: 36.262 GC heap after
{Heap after GC invocations=3 (full 0):
 garbage-first heap   total 786432K, used 1978K [0x0000000500800000, 0x0000000800000000)
  region size 8192K, 1 young (8192K), 1 survivors (8192K)
 Metaspace       used 8908K, capacity 9048K, committed 9344K, reserved 1056768K
  class space    used 1038K, capacity 1085K, committed 1152K, reserved 1048576K
}

