# JRE version: Java(TM) SE Runtime Environment (15.0.2+7) (build 15.0.2+7-27)
# Java VM: Java HotSpot(TM) 64-Bit Server VM (15.0.2+7-27, mixed mode, sharing, tiered, compressed oops, g1 gc, windows-amd64)
GC Precious Log:
 CPUs: 12 total, 12 available
 Memory: 49099M
 Large Page Support: Disabled
 NUMA Support: Disabled
 Compressed Oops: Enabled (Zero based)
 Heap Region Size: 8M
 Heap Min Capacity: 8M
 Heap Initial Capacity: 768M
 Heap Max Capacity: 12280M
 Pre-touch: Disabled
 Parallel Workers: 10
 Concurrent Workers: 3
 Concurrent Refinement Workers: 10
 Periodic GC: Disabled
Heap:
 garbage-first heap   total 786432K, used 364978K [0x0000000500800000, 0x0000000800000000)
  region size 8192K, 46 young (376832K), 1 survivors (8192K)
 Metaspace       used 12885K, capacity 13076K, committed 13312K, reserved 1060864K
  class space    used 1469K, capacity 1530K, committed 1536K, reserved 1048576K
GC Heap History (20 events):
Event: 113.428 GC heap before
{Heap before GC invocations=103 (full 0):
 garbage-first heap   total 786432K, used 460762K [0x0000000500800000, 0x0000000800000000)
  region size 8192K, 57 young (466944K), 1 survivors (8192K)
 Metaspace       used 8954K, capacity 9050K, committed 9344K, reserved 1056768K
  class space    used 1041K, capacity 1087K, committed 1152K, reserved 1048576K
}
Event: 113.429 GC heap after
{Heap after GC invocations=104 (full 0):
 garbage-first heap   total 786432K, used 2014K [0x0000000500800000, 0x0000000800000000)
  region size 8192K, 1 young (8192K), 1 survivors (8192K)
 Metaspace       used 8954K, capacity 9050K, committed 9344K, reserved 1056768K
  class space    used 1041K, capacity 1087K, committed 1152K, reserved 1048576K
}
Event: 114.371 GC heap before
{Heap before GC invocations=104 (full 0):
 garbage-first heap   total 786432K, used 460766K [0x0000000500800000, 0x0000000800000000)
  region size 8192K, 57 young (466944K), 1 survivors (8192K)
 Metaspace       used 8954K, capacity 9050K, committed 9344K, reserved 1056768K
  class space    used 1041K, capacity 1087K, committed 1152K, reserved 1048576K
}
Event: 114.372 GC heap after
{Heap after GC invocations=105 (full 0):
 garbage-first heap   total 786432K, used 2014K [0x0000000500800000, 0x0000000800000000)
  region size 8192K, 1 young (8192K), 1 survivors (8192K)
 Metaspace       used 8954K, capacity 9050K, committed 9344K, reserved 1056768K
  class space    used 1041K, capacity 1087K, committed 1152K, reserved 1048576K
}
Event: 115.313 GC heap before
{Heap before GC invocations=105 (full 0):
 garbage-first heap   total 786432K, used 460766K [0x0000000500800000, 0x0000000800000000)
  region size 8192K, 57 young (466944K), 1 survivors (8192K)
 Metaspace       used 8954K, capacity 9050K, committed 9344K, reserved 1056768K
  class space    used 1041K, capacity 1087K, committed 1152K, reserved 1048576K
}
Event: 115.315 GC heap after
{Heap after GC invocations=106 (full 0):
 garbage-first heap   total 786432K, used 2010K [0x0000000500800000, 0x0000000800000000)
  region size 8192K, 1 young (8192K), 1 survivors (8192K)
 Metaspace       used 8954K, capacity 9050K, committed 9344K, reserved 1056768K
  class space    used 1041K, capacity 1087K, committed 1152K, reserved 1048576K
}
Event: 116.257 GC heap before
{Heap before GC invocations=106 (full 0):
 garbage-first heap   total 786432K, used 460762K [0x0000000500800000, 0x0000000800000000)
  region size 8192K, 57 young (466944K), 1 survivors (8192K)
 Metaspace       used 8954K, capacity 9050K, committed 9344K, reserved 1056768K
  class space    used 1041K, capacity 1087K, committed 1152K, reserved 1048576K
}
Event: 116.258 GC heap after
{Heap after GC invocations=107 (full 0):
 garbage-first heap   total 786432K, used 2028K [0x0000000500800000, 0x0000000800000000)
  region size 8192K, 1 young (8192K), 1 survivors (8192K)
 Metaspace       used 8954K, capacity 9050K, committed 9344K, reserved 1056768K
  class space    used 1041K, capacity 1087K, committed 1152K, reserved 1048576K
}
Event: 117.198 GC heap before
{Heap before GC invocations=107 (full 0):
 garbage-first heap   total 786432K, used 460780K [0x0000000500800000, 0x0000000800000000)
  region size 8192K, 57 young (466944K), 1 survivors (8192K)
 Metaspace       used 8954K, capacity 9050K, committed 9344K, reserved 1056768K
  class space    used 1041K, capacity 1087K, committed 1152K, reserved 1048576K
}
Event: 117.199 GC heap after
{Heap after GC invocations=108 (full 0):
 garbage-first heap   total 786432K, used 2028K [0x0000000500800000, 0x0000000800000000)
  region size 8192K, 1 young (8192K), 1 survivors (8192K)
 Metaspace       used 8954K, capacity 9050K, committed 9344K, reserved 1056768K
  class space    used 1041K, capacity 1087K, committed 1152K, reserved 1048576K
}
Event: 118.142 GC heap before
{Heap before GC invocations=108 (full 0):
 garbage-first heap   total 786432K, used 460780K [0x0000000500800000, 0x0000000800000000)
  region size 8192K, 57 young (466944K), 1 survivors (8192K)
 Metaspace       used 8954K, capacity 9050K, committed 9344K, reserved 1056768K
  class space    used 1041K, capacity 1087K, committed 1152K, reserved 1048576K
}
Event: 118.143 GC heap after
{Heap after GC invocations=109 (full 0):
 garbage-first heap   total 786432K, used 2018K [0x0000000500800000, 0x0000000800000000)
  region size 8192K, 1 young (8192K), 1 survivors (8192K)
 Metaspace       used 8954K, capacity 9050K, committed 9344K, reserved 1056768K
  class space    used 1041K, capacity 1087K, committed 1152K, reserved 1048576K
}
Event: 119.086 GC heap before
{Heap before GC invocations=109 (full 0):
 garbage-first heap   total 786432K, used 460770K [0x0000000500800000, 0x0000000800000000)
  region size 8192K, 57 young (466944K), 1 survivors (8192K)
 Metaspace       used 8954K, capacity 9050K, committed 9344K, reserved 1056768K
  class space    used 1041K, capacity 1087K, committed 1152K, reserved 1048576K
}
Event: 119.087 GC heap after
{Heap after GC invocations=110 (full 0):
 garbage-first heap   total 786432K, used 2024K [0x0000000500800000, 0x0000000800000000)
  region size 8192K, 1 young (8192K), 1 survivors (8192K)
 Metaspace       used 8954K, capacity 9050K, committed 9344K, reserved 1056768K
  class space    used 1041K, capacity 1087K, committed 1152K, reserved 1048576K
}
Event: 120.030 GC heap before
{Heap before GC invocations=110 (full 0):
 garbage-first heap   total 786432K, used 460776K [0x0000000500800000, 0x0000000800000000)
  region size 8192K, 57 young (466944K), 1 survivors (8192K)
 Metaspace       used 8954K, capacity 9050K, committed 9344K, reserved 1056768K
  class space    used 1041K, capacity 1087K, committed 1152K, reserved 1048576K
}
Event: 120.031 GC heap after
{Heap after GC invocations=111 (full 0):
 garbage-first heap   total 786432K, used 2020K [0x0000000500800000, 0x0000000800000000)
  region size 8192K, 1 young (8192K), 1 survivors (8192K)
 Metaspace       used 8954K, capacity 9050K, committed 9344K, reserved 1056768K
  class space    used 1041K, capacity 1087K, committed 1152K, reserved 1048576K
}
Event: 120.954 GC heap before
{Heap before GC invocations=111 (full 0):
 garbage-first heap   total 786432K, used 460772K [0x0000000500800000, 0x0000000800000000)
  region size 8192K, 57 young (466944K), 1 survivors (8192K)
 Metaspace       used 9961K, capacity 10125K, committed 10240K, reserved 1058816K
  class space    used 1121K, capacity 1188K, committed 1280K, reserved 1048576K
}
Event: 120.955 GC heap after
{Heap after GC invocations=112 (full 0):
 garbage-first heap   total 786432K, used 2602K [0x0000000500800000, 0x0000000800000000)
  region size 8192K, 1 young (8192K), 1 survivors (8192K)
 Metaspace       used 9961K, capacity 10125K, committed 10240K, reserved 1058816K
  class space    used 1121K, capacity 1188K, committed 1280K, reserved 1048576K
}
Event: 121.915 GC heap before
{Heap before GC invocations=112 (full 0):
 garbage-first heap   total 786432K, used 461354K [0x0000000500800000, 0x0000000800000000)
  region size 8192K, 57 young (466944K), 1 survivors (8192K)
 Metaspace       used 12828K, capacity 13006K, committed 13056K, reserved 1060864K
  class space    used 1464K, capacity 1528K, committed 1536K, reserved 1048576K
}
Event: 121.916 GC heap after
{Heap after GC invocations=113 (full 0):
 garbage-first heap   total 786432K, used 4530K [0x0000000500800000, 0x0000000800000000)
  region size 8192K, 1 young (8192K), 1 survivors (8192K)
 Metaspace       used 12828K, capacity 13006K, committed 13056K, reserved 1060864K
  class space    used 1464K, capacity 1528K, committed 1536K, reserved 1048576K
}

